This is pdfTeX, Version 3.141592653-2.6-1.40.23 (TeX Live 2021/W32TeX) (preloaded format=pdflatex 2021.11.23)  3 MAR 2022 10:53
entering extended mode
 restricted \write18 enabled.
 %&-line parsing enabled.
**P:/studydata/risk/manuscripts/burden/burden_paper.tex
(p:/studydata/risk/manuscripts/burden/burden_paper.tex
LaTeX2e <2021-11-15>
L3 programming layer <2021-11-22>
(c:/Users/kpaquette2/AppData/Roaming/TinyTeX/texmf-dist/tex/latex/apa6/apa6.cls
Document Class: apa6 2020/01/13 v2.34 APA formatting (6th edition)

(c:/Users/kpaquette2/AppData/Roaming/TinyTeX/texmf-dist/tex/latex/base/article.
cls
Document Class: article 2021/10/04 v1.4n Standard LaTeX document class

(c:/Users/kpaquette2/AppData/Roaming/TinyTeX/texmf-dist/tex/latex/base/size12.c
lo
File: size12.clo 2021/10/04 v1.4n Standard LaTeX file (size option)
)
\c@part=\count183
\c@section=\count184
\c@subsection=\count185
\c@subsubsection=\count186
\c@paragraph=\count187
\c@subparagraph=\count188
\c@figure=\count189
\c@table=\count190
\abovecaptionskip=\skip47
\belowcaptionskip=\skip48
\bibindent=\dimen138
)
(c:/Users/kpaquette2/AppData/Roaming/TinyTeX/texmf-dist/tex/latex/etoolbox/etoo
lbox.sty
Package: etoolbox 2020/10/05 v2.5k e-TeX tools for LaTeX (JAW)
\etb@tempcnta=\count191
)
Class apa6 Info: No bibliography package was specified; defaulting to (but not 
loading) Biblatex on input line 213.

(c:/Users/kpaquette2/AppData/Roaming/TinyTeX/texmf-dist/tex/latex/lm/lmodern.st
y
Package: lmodern 2015/05/01 v1.6.1 Latin Modern Fonts
LaTeX Font Info:    Overwriting symbol font `operators' in version `normal'
(Font)                  OT1/cmr/m/n --> OT1/lmr/m/n on input line 22.
LaTeX Font Info:    Overwriting symbol font `letters' in version `normal'
(Font)                  OML/cmm/m/it --> OML/lmm/m/it on input line 23.
LaTeX Font Info:    Overwriting symbol font `symbols' in version `normal'
(Font)                  OMS/cmsy/m/n --> OMS/lmsy/m/n on input line 24.
LaTeX Font Info:    Overwriting symbol font `largesymbols' in version `normal'
(Font)                  OMX/cmex/m/n --> OMX/lmex/m/n on input line 25.
LaTeX Font Info:    Overwriting symbol font `operators' in version `bold'
(Font)                  OT1/cmr/bx/n --> OT1/lmr/bx/n on input line 26.
LaTeX Font Info:    Overwriting symbol font `letters' in version `bold'
(Font)                  OML/cmm/b/it --> OML/lmm/b/it on input line 27.
LaTeX Font Info:    Overwriting symbol font `symbols' in version `bold'
(Font)                  OMS/cmsy/b/n --> OMS/lmsy/b/n on input line 28.
LaTeX Font Info:    Overwriting symbol font `largesymbols' in version `bold'
(Font)                  OMX/cmex/m/n --> OMX/lmex/m/n on input line 29.
LaTeX Font Info:    Overwriting math alphabet `\mathbf' in version `normal'
(Font)                  OT1/cmr/bx/n --> OT1/lmr/bx/n on input line 31.
LaTeX Font Info:    Overwriting math alphabet `\mathsf' in version `normal'
(Font)                  OT1/cmss/m/n --> OT1/lmss/m/n on input line 32.
LaTeX Font Info:    Overwriting math alphabet `\mathit' in version `normal'
(Font)                  OT1/cmr/m/it --> OT1/lmr/m/it on input line 33.
LaTeX Font Info:    Overwriting math alphabet `\mathtt' in version `normal'
(Font)                  OT1/cmtt/m/n --> OT1/lmtt/m/n on input line 34.
LaTeX Font Info:    Overwriting math alphabet `\mathbf' in version `bold'
(Font)                  OT1/cmr/bx/n --> OT1/lmr/bx/n on input line 35.
LaTeX Font Info:    Overwriting math alphabet `\mathsf' in version `bold'
(Font)                  OT1/cmss/bx/n --> OT1/lmss/bx/n on input line 36.
LaTeX Font Info:    Overwriting math alphabet `\mathit' in version `bold'
(Font)                  OT1/cmr/bx/it --> OT1/lmr/bx/it on input line 37.
LaTeX Font Info:    Overwriting math alphabet `\mathtt' in version `bold'
(Font)                  OT1/cmtt/m/n --> OT1/lmtt/m/n on input line 38.
)
(c:/Users/kpaquette2/AppData/Roaming/TinyTeX/texmf-dist/tex/latex/base/fontenc.
sty
Package: fontenc 2021/04/29 v2.0v Standard LaTeX package
LaTeX Font Info:    Trying to load font information for T1+lmr on input line 11
2.
(c:/Users/kpaquette2/AppData/Roaming/TinyTeX/texmf-dist/tex/latex/lm/t1lmr.fd
File: t1lmr.fd 2015/05/01 v1.6.1 Font defs for Latin Modern
))
(c:/Users/kpaquette2/AppData/Roaming/TinyTeX/texmf-dist/tex/latex/geometry/geom
etry.sty
Package: geometry 2020/01/02 v5.9 Page Geometry

(c:/Users/kpaquette2/AppData/Roaming/TinyTeX/texmf-dist/tex/latex/graphics/keyv
al.sty
Package: keyval 2014/10/28 v1.15 key=value parser (DPC)
\KV@toks@=\toks16
)
(c:/Users/kpaquette2/AppData/Roaming/TinyTeX/texmf-dist/tex/generic/iftex/ifvte
x.sty
Package: ifvtex 2019/10/25 v1.7 ifvtex legacy package. Use iftex instead.

(c:/Users/kpaquette2/AppData/Roaming/TinyTeX/texmf-dist/tex/generic/iftex/iftex
.sty
Package: iftex 2020/03/06 v1.0d TeX engine tests
))
\Gm@cnth=\count192
\Gm@cntv=\count193
\c@Gm@tempcnt=\count194
\Gm@bindingoffset=\dimen139
\Gm@wd@mp=\dimen140
\Gm@odd@mp=\dimen141
\Gm@even@mp=\dimen142
\Gm@layoutwidth=\dimen143
\Gm@layoutheight=\dimen144
\Gm@layouthoffset=\dimen145
\Gm@layoutvoffset=\dimen146
\Gm@dimlist=\toks17
)
(c:/Users/kpaquette2/AppData/Roaming/TinyTeX/texmf-dist/tex/latex/graphics/grap
hicx.sty
Package: graphicx 2021/09/16 v1.2d Enhanced LaTeX Graphics (DPC,SPQR)

(c:/Users/kpaquette2/AppData/Roaming/TinyTeX/texmf-dist/tex/latex/graphics/grap
hics.sty
Package: graphics 2021/03/04 v1.4d Standard LaTeX Graphics (DPC,SPQR)

(c:/Users/kpaquette2/AppData/Roaming/TinyTeX/texmf-dist/tex/latex/graphics/trig
.sty
Package: trig 2021/08/11 v1.11 sin cos tan (DPC)
)
(c:/Users/kpaquette2/AppData/Roaming/TinyTeX/texmf-dist/tex/latex/graphics-cfg/
graphics.cfg
File: graphics.cfg 2016/06/04 v1.11 sample graphics configuration
)
Package graphics Info: Driver file: pdftex.def on input line 107.

(c:/Users/kpaquette2/AppData/Roaming/TinyTeX/texmf-dist/tex/latex/graphics-def/
pdftex.def
File: pdftex.def 2020/10/05 v1.2a Graphics/color driver for pdftex
))
\Gin@req@height=\dimen147
\Gin@req@width=\dimen148
)
(c:/Users/kpaquette2/AppData/Roaming/TinyTeX/texmf-dist/tex/latex/booktabs/book
tabs.sty
Package: booktabs 2020/01/12 v1.61803398 Publication quality tables
\heavyrulewidth=\dimen149
\lightrulewidth=\dimen150
\cmidrulewidth=\dimen151
\belowrulesep=\dimen152
\belowbottomsep=\dimen153
\aboverulesep=\dimen154
\abovetopsep=\dimen155
\cmidrulesep=\dimen156
\cmidrulekern=\dimen157
\defaultaddspace=\dimen158
\@cmidla=\count195
\@cmidlb=\count196
\@aboverulesep=\dimen159
\@belowrulesep=\dimen160
\@thisruleclass=\count197
\@lastruleclass=\count198
\@thisrulewidth=\dimen161
)
(c:/Users/kpaquette2/AppData/Roaming/TinyTeX/texmf-dist/tex/latex/threeparttabl
e/threeparttable.sty
Package: threeparttable 2003/06/13  v 3.0
\@tempboxb=\box50
)
\b@level@one@skip=\skip49
\e@level@one@skip=\skip50
\b@level@two@skip=\skip51
\e@level@two@skip=\skip52
\b@level@three@skip=\skip53
\e@level@three@skip=\skip54
\b@level@four@skip=\skip55
\e@level@four@skip=\skip56
\b@level@five@skip=\skip57
\e@level@five@skip=\skip58

(c:/Users/kpaquette2/AppData/Roaming/TinyTeX/texmf-dist/tex/latex/caption/capti
on.sty
Package: caption 2020/10/26 v3.5g Customizing captions (AR)

(c:/Users/kpaquette2/AppData/Roaming/TinyTeX/texmf-dist/tex/latex/caption/capti
on3.sty
Package: caption3 2020/10/21 v2.2e caption3 kernel (AR)
\captionmargin=\dimen162
\captionmargin@=\dimen163
\captionwidth=\dimen164
\caption@tempdima=\dimen165
\caption@indent=\dimen166
\caption@parindent=\dimen167
\caption@hangindent=\dimen168
Package caption Info: Standard document class detected.
)
\c@caption@flags=\count199
\c@continuedfloat=\count266
Package caption Info: threeparttable package is loaded.
)
\c@APAenum=\count267
\@text@par@indent=\skip59
\gr@box=\box51
\gr@boxwidth=\skip60
\gr@boxheight=\skip61
(c:/Users/kpaquette2/AppData/Roaming/TinyTeX/texmf-dist/tex/latex/tools/bm.sty
Package: bm 2021/04/25 v1.2e Bold Symbol Support (DPC/FMi)
\symboldoperators=\mathgroup4
\symboldletters=\mathgroup5
\symboldsymbols=\mathgroup6
Package bm Info: No bold for \OMX/lmex/m/n, using \pmb.
LaTeX Font Info:    Redeclaring math alphabet \mathbf on input line 149.
)
\c@appendix=\count268

(c:/Users/kpaquette2/AppData/Roaming/TinyTeX/texmf-dist/tex/latex/fancyhdr/fanc
yhdr.sty
Package: fancyhdr 2021/01/28 v4.0.1 Extensive control of page headers and foote
rs
\f@nch@headwidth=\skip62
\f@nch@O@elh=\skip63
\f@nch@O@erh=\skip64
\f@nch@O@olh=\skip65
\f@nch@O@orh=\skip66
\f@nch@O@elf=\skip67
\f@nch@O@erf=\skip68
\f@nch@O@olf=\skip69
\f@nch@O@orf=\skip70
)
(c:/Users/kpaquette2/AppData/Roaming/TinyTeX/texmf-dist/tex/latex/endfloat/endf
loat.sty
Package: endfloat 2019/04/15 v2.7 LaTeX2e package puts figures and tables at en
d (jdm)
\c@posttable=\count269
\efloat@postttt=\write3
\@ef@tttopen=\count270
\c@postfigure=\count271
\efloat@postfff=\write4
\@ef@fffopen=\count272
)
(c:/Users/kpaquette2/AppData/Roaming/TinyTeX/texmf-dist/tex/latex/float/float.s
ty
Package: float 2001/11/08 v1.3d Float enhancements (AL)
\c@float@type=\count273
\float@exts=\toks18
\float@box=\box52
\@float@everytoks=\toks19
\@floatcapt=\box53
))
(c:/Users/kpaquette2/AppData/Roaming/TinyTeX/texmf-dist/tex/latex/amsmath/amsma
th.sty
Package: amsmath 2021/10/15 v2.17l AMS math features
\@mathmargin=\skip71
For additional information on amsmath, use the `?' option.

(c:/Users/kpaquette2/AppData/Roaming/TinyTeX/texmf-dist/tex/latex/amsmath/amste
xt.sty
Package: amstext 2021/08/26 v2.01 AMS text

(c:/Users/kpaquette2/AppData/Roaming/TinyTeX/texmf-dist/tex/latex/amsmath/amsge
n.sty
File: amsgen.sty 1999/11/30 v2.0 generic functions
\@emptytoks=\toks20
\ex@=\dimen169
))
(c:/Users/kpaquette2/AppData/Roaming/TinyTeX/texmf-dist/tex/latex/amsmath/amsbs
y.sty
Package: amsbsy 1999/11/29 v1.2d Bold Symbols
LaTeX Info: Redefining \boldsymbol on input line 28.
\pmbraise@=\dimen170
)
(c:/Users/kpaquette2/AppData/Roaming/TinyTeX/texmf-dist/tex/latex/amsmath/amsop
n.sty
Package: amsopn 2021/08/26 v2.02 operator names
)
\inf@bad=\count274
LaTeX Info: Redefining \frac on input line 234.
\uproot@=\count275
\leftroot@=\count276
LaTeX Info: Redefining \overline on input line 399.
\classnum@=\count277
\DOTSCASE@=\count278
LaTeX Info: Redefining \ldots on input line 496.
LaTeX Info: Redefining \dots on input line 499.
LaTeX Info: Redefining \cdots on input line 620.
\Mathstrutbox@=\box54
\strutbox@=\box55
\big@size=\dimen171
LaTeX Font Info:    Redeclaring font encoding OML on input line 743.
LaTeX Font Info:    Redeclaring font encoding OMS on input line 744.
\macc@depth=\count279
\c@MaxMatrixCols=\count280
\dotsspace@=\muskip16
\c@parentequation=\count281
\dspbrk@lvl=\count282
\tag@help=\toks21
\row@=\count283
\column@=\count284
\maxfields@=\count285
\andhelp@=\toks22
\eqnshift@=\dimen172
\alignsep@=\dimen173
\tagshift@=\dimen174
\tagwidth@=\dimen175
\totwidth@=\dimen176
\lineht@=\dimen177
\@envbody=\toks23
\multlinegap=\skip72
\multlinetaggap=\skip73
\mathdisplay@stack=\toks24
LaTeX Info: Redefining \[ on input line 2938.
LaTeX Info: Redefining \] on input line 2939.
)
(c:/Users/kpaquette2/AppData/Roaming/TinyTeX/texmf-dist/tex/latex/amsfonts/amss
ymb.sty
Package: amssymb 2013/01/14 v3.01 AMS font symbols

(c:/Users/kpaquette2/AppData/Roaming/TinyTeX/texmf-dist/tex/latex/amsfonts/amsf
onts.sty
Package: amsfonts 2013/01/14 v3.01 Basic AMSFonts support
\symAMSa=\mathgroup7
\symAMSb=\mathgroup8
LaTeX Font Info:    Redeclaring math symbol \hbar on input line 98.
LaTeX Font Info:    Overwriting math alphabet `\mathfrak' in version `bold'
(Font)                  U/euf/m/n --> U/euf/b/n on input line 106.
))
(c:/Users/kpaquette2/AppData/Roaming/TinyTeX/texmf-dist/tex/generic/iftex/ifxet
ex.sty
Package: ifxetex 2019/10/25 v0.7 ifxetex legacy package. Use iftex instead.
)
(c:/Users/kpaquette2/AppData/Roaming/TinyTeX/texmf-dist/tex/generic/iftex/iflua
tex.sty
Package: ifluatex 2019/10/25 v1.5 ifluatex legacy package. Use iftex instead.
)
(c:/Users/kpaquette2/AppData/Roaming/TinyTeX/texmf-dist/tex/latex/base/fontenc.
sty
Package: fontenc 2021/04/29 v2.0v Standard LaTeX package
)
(c:/Users/kpaquette2/AppData/Roaming/TinyTeX/texmf-dist/tex/latex/base/inputenc
.sty
Package: inputenc 2021/02/14 v1.3d Input encoding file
\inpenc@prehook=\toks25
\inpenc@posthook=\toks26
)
(c:/Users/kpaquette2/AppData/Roaming/TinyTeX/texmf-dist/tex/latex/base/textcomp
.sty
Package: textcomp 2020/02/02 v2.0n Standard LaTeX package
)
(c:/Users/kpaquette2/AppData/Roaming/TinyTeX/texmf-dist/tex/latex/upquote/upquo
te.sty
Package: upquote 2012/04/19 v1.3 upright-quote and grave-accent glyphs in verba
tim
)
(c:/Users/kpaquette2/AppData/Roaming/TinyTeX/texmf-dist/tex/latex/microtype/mic
rotype.sty
Package: microtype 2021/10/31 v3.0 Micro-typographical refinements (RS)
\MT@toks=\toks27
\MT@count=\count286
\MT@tempbox=\box56
\MT@leftmarginkern=\dimen178
\MT@rightmarginkern=\dimen179
LaTeX Info: Redefining \textls on input line 1114.
\MT@outer@kern=\dimen180
LaTeX Info: Redefining \textmicrotypecontext on input line 1700.
\MT@listname@count=\count287

(c:/Users/kpaquette2/AppData/Roaming/TinyTeX/texmf-dist/tex/latex/microtype/mic
rotype-pdftex.def
File: microtype-pdftex.def 2021/10/31 v3.0 Definitions specific to pdftex (RS)
LaTeX Info: Redefining \lsstyle on input line 915.
LaTeX Info: Redefining \lslig on input line 915.
\MT@outer@space=\skip74
)
Package microtype Info: Loading configuration file microtype.cfg.

(c:/Users/kpaquette2/AppData/Roaming/TinyTeX/texmf-dist/tex/latex/microtype/mic
rotype.cfg
File: microtype.cfg 2021/10/31 v3.0 microtype main configuration file (RS)
))
(c:/Users/kpaquette2/AppData/Roaming/TinyTeX/texmf-dist/tex/latex/parskip/parsk
ip.sty
Package: parskip 2021-03-14 v2.0h non-zero parskip adjustments

(c:/Users/kpaquette2/AppData/Roaming/TinyTeX/texmf-dist/tex/latex/kvoptions/kvo
ptions.sty
Package: kvoptions 2020-10-07 v3.14 Key value format for package options (HO)

(c:/Users/kpaquette2/AppData/Roaming/TinyTeX/texmf-dist/tex/generic/ltxcmds/ltx
cmds.sty
Package: ltxcmds 2020-05-10 v1.25 LaTeX kernel commands for general use (HO)
)
(c:/Users/kpaquette2/AppData/Roaming/TinyTeX/texmf-dist/tex/generic/kvsetkeys/k
vsetkeys.sty
Package: kvsetkeys 2019/12/15 v1.18 Key value parser (HO)
)))
(c:/Users/kpaquette2/AppData/Roaming/TinyTeX/texmf-dist/tex/latex/xcolor/xcolor
.sty
Package: xcolor 2021/10/31 v2.13 LaTeX color extensions (UK)

(c:/Users/kpaquette2/AppData/Roaming/TinyTeX/texmf-dist/tex/latex/graphics-cfg/
color.cfg
File: color.cfg 2016/01/02 v1.6 sample color configuration
)
Package xcolor Info: Driver file: pdftex.def on input line 227.
Package xcolor Info: Model `cmy' substituted by `cmy0' on input line 1352.
Package xcolor Info: Model `hsb' substituted by `rgb' on input line 1356.
Package xcolor Info: Model `RGB' extended on input line 1368.
Package xcolor Info: Model `HTML' substituted by `rgb' on input line 1370.
Package xcolor Info: Model `Hsb' substituted by `hsb' on input line 1371.
Package xcolor Info: Model `tHsb' substituted by `hsb' on input line 1372.
Package xcolor Info: Model `HSB' substituted by `hsb' on input line 1373.
Package xcolor Info: Model `Gray' substituted by `gray' on input line 1374.
Package xcolor Info: Model `wave' substituted by `hsb' on input line 1375.
)
(c:/Users/kpaquette2/AppData/Roaming/TinyTeX/texmf-dist/tex/latex/xurl/xurl.sty
Package: xurl 2020/12/30 v 0.09a modify URL breaks
(c:/Users/kpaquette2/AppData/Roaming/TinyTeX/texmf-dist/tex/latex/url/url.sty
\Urlmuskip=\muskip17
Package: url 2013/09/16  ver 3.4  Verb mode for urls, etc.
))
(c:/Users/kpaquette2/AppData/Roaming/TinyTeX/texmf-dist/tex/latex/bookmark/book
mark.sty
Package: bookmark 2020-11-06 v1.29 PDF bookmarks (HO)

(c:/Users/kpaquette2/AppData/Roaming/TinyTeX/texmf-dist/tex/latex/hyperref/hype
rref.sty
Package: hyperref 2021-06-07 v7.00m Hypertext links for LaTeX

(c:/Users/kpaquette2/AppData/Roaming/TinyTeX/texmf-dist/tex/generic/pdftexcmds/
pdftexcmds.sty
Package: pdftexcmds 2020-06-27 v0.33 Utility functions of pdfTeX for LuaTeX (HO
)

(c:/Users/kpaquette2/AppData/Roaming/TinyTeX/texmf-dist/tex/generic/infwarerr/i
nfwarerr.sty
Package: infwarerr 2019/12/03 v1.5 Providing info/warning/error messages (HO)
)
Package pdftexcmds Info: \pdf@primitive is available.
Package pdftexcmds Info: \pdf@ifprimitive is available.
Package pdftexcmds Info: \pdfdraftmode found.
)
(c:/Users/kpaquette2/AppData/Roaming/TinyTeX/texmf-dist/tex/generic/kvdefinekey
s/kvdefinekeys.sty
Package: kvdefinekeys 2019-12-19 v1.6 Define keys (HO)
)
(c:/Users/kpaquette2/AppData/Roaming/TinyTeX/texmf-dist/tex/generic/pdfescape/p
dfescape.sty
Package: pdfescape 2019/12/09 v1.15 Implements pdfTeX's escape features (HO)
)
(c:/Users/kpaquette2/AppData/Roaming/TinyTeX/texmf-dist/tex/latex/hycolor/hycol
or.sty
Package: hycolor 2020-01-27 v1.10 Color options for hyperref/bookmark (HO)
)
(c:/Users/kpaquette2/AppData/Roaming/TinyTeX/texmf-dist/tex/latex/letltxmacro/l
etltxmacro.sty
Package: letltxmacro 2019/12/03 v1.6 Let assignment for LaTeX macros (HO)
)
(c:/Users/kpaquette2/AppData/Roaming/TinyTeX/texmf-dist/tex/latex/auxhook/auxho
ok.sty
Package: auxhook 2019-12-17 v1.6 Hooks for auxiliary files (HO)
)
\@linkdim=\dimen181
\Hy@linkcounter=\count288
\Hy@pagecounter=\count289

(c:/Users/kpaquette2/AppData/Roaming/TinyTeX/texmf-dist/tex/latex/hyperref/pd1e
nc.def
File: pd1enc.def 2021-06-07 v7.00m Hyperref: PDFDocEncoding definition (HO)
Now handling font encoding PD1 ...
... no UTF-8 mapping file for font encoding PD1
)
(c:/Users/kpaquette2/AppData/Roaming/TinyTeX/texmf-dist/tex/latex/hyperref/hype
rref-langpatches.def
File: hyperref-langpatches.def 2021-06-07 v7.00m Hyperref: patches for babel la
nguages
)
(c:/Users/kpaquette2/AppData/Roaming/TinyTeX/texmf-dist/tex/generic/intcalc/int
calc.sty
Package: intcalc 2019/12/15 v1.3 Expandable calculations with integers (HO)
)
(c:/Users/kpaquette2/AppData/Roaming/TinyTeX/texmf-dist/tex/generic/etexcmds/et
excmds.sty
Package: etexcmds 2019/12/15 v1.7 Avoid name clashes with e-TeX commands (HO)
)
\Hy@SavedSpaceFactor=\count290

(c:/Users/kpaquette2/AppData/Roaming/TinyTeX/texmf-dist/tex/latex/hyperref/puen
c.def
File: puenc.def 2021-06-07 v7.00m Hyperref: PDF Unicode definition (HO)
Now handling font encoding PU ...
... no UTF-8 mapping file for font encoding PU
)
Package hyperref Info: Option `unicode' set `true' on input line 4073.
Package hyperref Info: Hyper figures OFF on input line 4192.
Package hyperref Info: Link nesting OFF on input line 4197.
Package hyperref Info: Hyper index ON on input line 4200.
Package hyperref Info: Plain pages OFF on input line 4207.
Package hyperref Info: Backreferencing OFF on input line 4212.
Package hyperref Info: Implicit mode ON; LaTeX internals redefined.
Package hyperref Info: Bookmarks ON on input line 4445.
\c@Hy@tempcnt=\count291
LaTeX Info: Redefining \url on input line 4804.
\XeTeXLinkMargin=\dimen182

(c:/Users/kpaquette2/AppData/Roaming/TinyTeX/texmf-dist/tex/generic/bitset/bits
et.sty
Package: bitset 2019/12/09 v1.3 Handle bit-vector datatype (HO)

(c:/Users/kpaquette2/AppData/Roaming/TinyTeX/texmf-dist/tex/generic/bigintcalc/
bigintcalc.sty
Package: bigintcalc 2019/12/15 v1.5 Expandable calculations on big integers (HO
)
))
\Fld@menulength=\count292
\Field@Width=\dimen183
\Fld@charsize=\dimen184
Package hyperref Info: Hyper figures OFF on input line 6076.
Package hyperref Info: Link nesting OFF on input line 6081.
Package hyperref Info: Hyper index ON on input line 6084.
Package hyperref Info: backreferencing OFF on input line 6091.
Package hyperref Info: Link coloring OFF on input line 6096.
Package hyperref Info: Link coloring with OCG OFF on input line 6101.
Package hyperref Info: PDF/A mode OFF on input line 6106.
LaTeX Info: Redefining \ref on input line 6146.
LaTeX Info: Redefining \pageref on input line 6150.

(c:/Users/kpaquette2/AppData/Roaming/TinyTeX/texmf-dist/tex/latex/base/atbegshi
-ltx.sty
Package: atbegshi-ltx 2021/01/10 v1.0c Emulation of the original atbegshi
package with kernel methods
)
\Hy@abspage=\count293
\c@Item=\count294
\c@Hfootnote=\count295
)
Package hyperref Info: Driver (autodetected): hpdftex.

(c:/Users/kpaquette2/AppData/Roaming/TinyTeX/texmf-dist/tex/latex/hyperref/hpdf
tex.def
File: hpdftex.def 2021-06-07 v7.00m Hyperref driver for pdfTeX

(c:/Users/kpaquette2/AppData/Roaming/TinyTeX/texmf-dist/tex/latex/base/atveryen
d-ltx.sty
Package: atveryend-ltx 2020/08/19 v1.0a Emulation of the original atveryend pac
kage
with kernel methods
)
\Fld@listcount=\count296
\c@bookmark@seq@number=\count297

(c:/Users/kpaquette2/AppData/Roaming/TinyTeX/texmf-dist/tex/latex/rerunfilechec
k/rerunfilecheck.sty
Package: rerunfilecheck 2019/12/05 v1.9 Rerun checks for auxiliary files (HO)

(c:/Users/kpaquette2/AppData/Roaming/TinyTeX/texmf-dist/tex/generic/uniquecount
er/uniquecounter.sty
Package: uniquecounter 2019/12/15 v1.4 Provide unlimited unique counter (HO)
)
Package uniquecounter Info: New unique counter `rerunfilecheck' on input line 2
86.
)
\Hy@SectionHShift=\skip75
)
(c:/Users/kpaquette2/AppData/Roaming/TinyTeX/texmf-dist/tex/latex/bookmark/bkm-
pdftex.def
File: bkm-pdftex.def 2020-11-06 v1.29 bookmark driver for pdfTeX (HO)
\BKM@id=\count298
))
(c:/Users/kpaquette2/AppData/Roaming/TinyTeX/texmf-dist/tex/latex/was/upgreek.s
ty
Package: upgreek 2003/02/12 v2.0 (WaS)
Package upgreek Info: Using Euler Roman for upright Greek on input line 31.
\symugrf@m=\mathgroup9
LaTeX Font Info:    Overwriting symbol font `ugrf@m' in version `bold'
(Font)                  U/eur/m/n --> U/eur/b/n on input line 38.
)
(c:/Users/kpaquette2/AppData/Roaming/TinyTeX/texmf-dist/tex/latex/tools/longtab
le.sty
Package: longtable 2021-09-01 v4.17 Multi-page Table package (DPC)
\LTleft=\skip76
\LTright=\skip77
\LTpre=\skip78
\LTpost=\skip79
\LTchunksize=\count299
\LTcapwidth=\dimen185
\LT@head=\box57
\LT@firsthead=\box58
\LT@foot=\box59
\LT@lastfoot=\box60
\LT@gbox=\box61
\LT@cols=\count300
\LT@rows=\count301
\c@LT@tables=\count302
\c@LT@chunks=\count303
\LT@p@ftn=\toks28
)
(c:/Users/kpaquette2/AppData/Roaming/TinyTeX/texmf-dist/tex/latex/graphics/lsca
pe.sty
Package: lscape 2020/05/28 v3.02 Landscape Pages (DPC)
)
(c:/Users/kpaquette2/AppData/Roaming/TinyTeX/texmf-dist/tex/latex/multirow/mult
irow.sty
Package: multirow 2021/03/15 v2.8 Span multiple rows of a table
\multirow@colwidth=\skip80
\multirow@cntb=\count304
\multirow@dima=\skip81
\bigstrutjot=\dimen186
)
(c:/Users/kpaquette2/AppData/Roaming/TinyTeX/texmf-dist/tex/latex/tools/tabular
x.sty
Package: tabularx 2020/01/15 v2.11c `tabularx' package (DPC)

(c:/Users/kpaquette2/AppData/Roaming/TinyTeX/texmf-dist/tex/latex/tools/array.s
ty
Package: array 2021/10/04 v2.5f Tabular extension package (FMi)
\col@sep=\dimen187
\ar@mcellbox=\box62
\extrarowheight=\dimen188
\NC@list=\toks29
\extratabsurround=\skip82
\backup@length=\skip83
\ar@cellbox=\box63
)
\TX@col@width=\dimen189
\TX@old@table=\dimen190
\TX@old@col=\dimen191
\TX@target=\dimen192
\TX@delta=\dimen193
\TX@cols=\count305
\TX@ftn=\toks30
)
(c:/Users/kpaquette2/AppData/Roaming/TinyTeX/texmf-dist/tex/latex/threeparttabl
ex/threeparttablex.sty
Package: threeparttablex 2013/07/23 v0.3 by daleif

(c:/Users/kpaquette2/AppData/Roaming/TinyTeX/texmf-dist/tex/latex/environ/envir
on.sty
Package: environ 2014/05/04 v0.3 A new way to define environments

(c:/Users/kpaquette2/AppData/Roaming/TinyTeX/texmf-dist/tex/latex/trimspaces/tr
imspaces.sty
Package: trimspaces 2009/09/17 v1.1 Trim spaces around a token list
))
\TPTL@width=\skip84
)
\longtablewidth=\skip85

(c:/Users/kpaquette2/AppData/Roaming/TinyTeX/texmf-dist/tex/latex/csquotes/csqu
otes.sty
Package: csquotes 2021-02-22 v5.2l context-sensitive quotations (JAW)
\csq@reset=\count306
\csq@gtype=\count307
\csq@glevel=\count308
\csq@qlevel=\count309
\csq@maxlvl=\count310
\csq@tshold=\count311
\csq@ltx@everypar=\toks31

(c:/Users/kpaquette2/AppData/Roaming/TinyTeX/texmf-dist/tex/latex/csquotes/csqu
otes.def
File: csquotes.def 2021-02-22 v5.2l csquotes generic definitions (JAW)
)
Package csquotes Info: Trying to load configuration file 'csquotes.cfg'...
Package csquotes Info: ... configuration file loaded successfully.

(c:/Users/kpaquette2/AppData/Roaming/TinyTeX/texmf-dist/tex/latex/csquotes/csqu
otes.cfg
File: csquotes.cfg 
))
(c:/Users/kpaquette2/AppData/Roaming/TinyTeX/texmf-dist/tex/latex/endnotes/endn
otes.sty
Package: endnotes 2020-01-02 endnotes package
\c@endnote=\count312
\endnotesep=\dimen194
\@enotes=\write5
)
(c:/Users/kpaquette2/AppData/Roaming/TinyTeX/texmf-dist/tex/latex/tocloft/toclo
ft.sty
Package: tocloft 2017/08/31 v2.3i parameterised ToC, etc., typesetting
Package tocloft Info: The document has section divisions on input line 51.
\cftparskip=\skip86
\cftbeforetoctitleskip=\skip87
\cftaftertoctitleskip=\skip88
\cftbeforepartskip=\skip89
\cftpartnumwidth=\skip90
\cftpartindent=\skip91
\cftbeforesecskip=\skip92
\cftsecindent=\skip93
\cftsecnumwidth=\skip94
\cftbeforesubsecskip=\skip95
\cftsubsecindent=\skip96
\cftsubsecnumwidth=\skip97
\cftbeforesubsubsecskip=\skip98
\cftsubsubsecindent=\skip99
\cftsubsubsecnumwidth=\skip100
\cftbeforeparaskip=\skip101
\cftparaindent=\skip102
\cftparanumwidth=\skip103
\cftbeforesubparaskip=\skip104
\cftsubparaindent=\skip105
\cftsubparanumwidth=\skip106
\cftbeforeloftitleskip=\skip107
\cftafterloftitleskip=\skip108
\cftbeforefigskip=\skip109
\cftfigindent=\skip110
\cftfignumwidth=\skip111
\c@lofdepth=\count313
\c@lotdepth=\count314
\cftbeforelottitleskip=\skip112
\cftafterlottitleskip=\skip113
\cftbeforetabskip=\skip114
\cfttabindent=\skip115
\cfttabnumwidth=\skip116

Package tocloft Warning: \@starttoc has already been redefined; tocloft bailing
 out. on input line 1156.

)
(c:/Users/kpaquette2/AppData/Roaming/TinyTeX/texmf-dist/tex/latex/colortbl/colo
rtbl.sty
Package: colortbl 2020/01/04 v1.0e Color table columns (DPC)
\everycr=\toks32
\minrowclearance=\skip117
)
(c:/Users/kpaquette2/AppData/Roaming/TinyTeX/texmf-dist/tex/generic/babel/babel
.sty
Package: babel 2021/11/08 3.66 The Babel package
\babel@savecnt=\count315
\U@D=\dimen195
\l@unhyphenated=\language87

(c:/Users/kpaquette2/AppData/Roaming/TinyTeX/texmf-dist/tex/generic/babel/txtba
bel.def)
\bbl@readstream=\read2
\bbl@dirlevel=\count316

(c:/Users/kpaquette2/AppData/Roaming/TinyTeX/texmf-dist/tex/generic/babel-engli
sh/english.ldf
Language: english 2017/06/06 v3.3r English support from the babel system
Package babel Info: Hyphen rules for 'canadian' set to \l@english
(babel)             (\language0). Reported on input line 102.
Package babel Info: Hyphen rules for 'australian' set to \l@ukenglish
(babel)             (\language21). Reported on input line 105.
Package babel Info: Hyphen rules for 'newzealand' set to \l@ukenglish
(babel)             (\language21). Reported on input line 108.
)
(c:/Users/kpaquette2/AppData/Roaming/TinyTeX/texmf-dist/tex/generic/babel-engli
sh/english.ldf
Language: english 2017/06/06 v3.3r English support from the babel system
))
\cslhangindent=\skip118
\csllabelwidth=\skip119

(c:/Users/kpaquette2/AppData/Roaming/TinyTeX/texmf-dist/tex/latex/tools/calc.st
y
Package: calc 2017/05/25 v4.3 Infix arithmetic (KKT,FJ)
\calc@Acount=\count317
\calc@Bcount=\count318
\calc@Adimen=\dimen196
\calc@Bdimen=\dimen197
\calc@Askip=\skip120
\calc@Bskip=\skip121
LaTeX Info: Redefining \setlength on input line 80.
LaTeX Info: Redefining \addtolength on input line 81.
\calc@Ccount=\count319
\calc@Cskip=\skip122
)
Package csquotes Info: Checking for multilingual support...
Package csquotes Info: ... found 'babel' package.
Package csquotes Info: Adjusting default style.
Package csquotes Info: Redefining alias 'default' -> 'english'.

(c:/Users/kpaquette2/AppData/Roaming/TinyTeX/texmf-dist/tex/latex/l3backend/l3b
ackend-pdftex.def
File: l3backend-pdftex.def 2021-10-18 L3 backend support: PDF output (pdfTeX)
\l__color_backend_stack_int=\count320
\l__pdf_internal_box=\box64
) (./burden_paper.aux)
\openout1 = `burden_paper.aux'.

LaTeX Font Info:    Checking defaults for OML/cmm/m/it on input line 201.
LaTeX Font Info:    ... okay on input line 201.
LaTeX Font Info:    Checking defaults for OMS/cmsy/m/n on input line 201.
LaTeX Font Info:    ... okay on input line 201.
LaTeX Font Info:    Checking defaults for OT1/cmr/m/n on input line 201.
LaTeX Font Info:    ... okay on input line 201.
LaTeX Font Info:    Checking defaults for T1/cmr/m/n on input line 201.
LaTeX Font Info:    ... okay on input line 201.
LaTeX Font Info:    Checking defaults for TS1/cmr/m/n on input line 201.
LaTeX Font Info:    ... okay on input line 201.
LaTeX Font Info:    Checking defaults for OMX/cmex/m/n on input line 201.
LaTeX Font Info:    ... okay on input line 201.
LaTeX Font Info:    Checking defaults for U/cmr/m/n on input line 201.
LaTeX Font Info:    ... okay on input line 201.
LaTeX Font Info:    Checking defaults for PD1/pdf/m/n on input line 201.
LaTeX Font Info:    ... okay on input line 201.
LaTeX Font Info:    Checking defaults for PU/pdf/m/n on input line 201.
LaTeX Font Info:    ... okay on input line 201.
*geometry* driver: auto-detecting
*geometry* detected driver: pdftex
*geometry* verbose mode - [ preamble ] result:
* driver: pdftex
* paper: <default>
* layout: <same size as paper>
* layoutoffset:(h,v)=(0.0pt,0.0pt)
* modes: twoside 
* h-part:(L,W,R)=(72.26999pt, 469.75502pt, 72.26999pt)
* v-part:(T,H,B)=(72.26999pt, 650.43001pt, 72.26999pt)
* \paperwidth=614.295pt
* \paperheight=794.96999pt
* \textwidth=469.75502pt
* \textheight=650.43001pt
* \oddsidemargin=0.0pt
* \evensidemargin=0.0pt
* \topmargin=-37.0pt
* \headheight=15.2pt
* \headsep=25.0pt
* \topskip=12.0pt
* \footskip=30.0pt
* \marginparwidth=95.0pt
* \marginparsep=10.0pt
* \columnsep=10.0pt
* \skip\footins=10.8pt plus 4.0pt minus 2.0pt
* \hoffset=0.0pt
* \voffset=0.0pt
* \mag=1000
* \@twocolumnfalse
* \@twosidetrue
* \@mparswitchtrue
* \@reversemarginfalse
* (1in=72.27pt=25.4mm, 1cm=28.453pt)


(c:/Users/kpaquette2/AppData/Roaming/TinyTeX/texmf-dist/tex/context/base/mkii/s
upp-pdf.mkii
[Loading MPS to PDF converter (version 2006.09.02).]
\scratchcounter=\count321
\scratchdimen=\dimen198
\scratchbox=\box65
\nofMPsegments=\count322
\nofMParguments=\count323
\everyMPshowfont=\toks33
\MPscratchCnt=\count324
\MPscratchDim=\dimen199
\MPnumerator=\count325
\makeMPintoPDFobject=\count326
\everyMPtoPDFconversion=\toks34
)
(c:/Users/kpaquette2/AppData/Roaming/TinyTeX/texmf-dist/tex/latex/epstopdf-pkg/
epstopdf-base.sty
Package: epstopdf-base 2020-01-24 v2.11 Base part for package epstopdf
Package epstopdf-base Info: Redefining graphics rule for `.eps' on input line 4
85.

(c:/Users/kpaquette2/AppData/Roaming/TinyTeX/texmf-dist/tex/latex/latexconfig/e
pstopdf-sys.cfg
File: epstopdf-sys.cfg 2010/07/13 v1.3 Configuration of (r)epstopdf for TeX Liv
e
))
(c:/Users/kpaquette2/AppData/Roaming/TinyTeX/texmf-dist/tex/latex/apa6/config/A
PAamerican.txt
File: APAamerican.txt 2012/02/23 v1.25 apa6 configuration for American English
)
Package caption Info: Begin \AtBeginDocument code.
Package caption Info: float package is loaded.
Package caption Info: hyperref package is loaded.
Package caption Info: longtable package is loaded.

(c:/Users/kpaquette2/AppData/Roaming/TinyTeX/texmf-dist/tex/latex/caption/ltcap
tion.sty
Package: ltcaption 2020/05/30 v1.4b longtable captions (AR)
)
Package caption Info: End \AtBeginDocument code.
LaTeX Info: Redefining \microtypecontext on input line 201.
Package microtype Info: Applying patch `item' on input line 201.
Package microtype Info: Applying patch `toc' on input line 201.
Package microtype Info: Applying patch `eqnum' on input line 201.
Package microtype Info: Applying patch `footnote' on input line 201.
Package microtype Info: Generating PDF output.
Package microtype Info: Character protrusion enabled (level 2).
Package microtype Info: Using protrusion set `basicmath'.
Package microtype Info: Automatic font expansion enabled (level 2),
(microtype)             stretch: 20, shrink: 20, step: 1, non-selected.
Package microtype Info: Using default expansion set `alltext-nott'.
LaTeX Info: Redefining \showhyphens on input line 201.
Package microtype Info: No adjustment of tracking.
Package microtype Info: No adjustment of interword spacing.
Package microtype Info: No adjustment of character kerning.

(c:/Users/kpaquette2/AppData/Roaming/TinyTeX/texmf-dist/tex/latex/microtype/mt-
cmr.cfg
File: mt-cmr.cfg 2013/05/19 v2.2 microtype config. file: Computer Modern Roman 
(RS)
)
Package hyperref Info: Link coloring OFF on input line 201.

(c:/Users/kpaquette2/AppData/Roaming/TinyTeX/texmf-dist/tex/latex/hyperref/name
ref.sty
Package: nameref 2021-04-02 v2.47 Cross-referencing by name of section

(c:/Users/kpaquette2/AppData/Roaming/TinyTeX/texmf-dist/tex/latex/refcount/refc
ount.sty
Package: refcount 2019/12/15 v3.6 Data extraction from label references (HO)
)
(c:/Users/kpaquette2/AppData/Roaming/TinyTeX/texmf-dist/tex/generic/gettitlestr
ing/gettitlestring.sty
Package: gettitlestring 2019/12/15 v1.6 Cleanup title references (HO)
)
\c@section@level=\count327
)
LaTeX Info: Redefining \ref on input line 201.
LaTeX Info: Redefining \pageref on input line 201.
LaTeX Info: Redefining \nameref on input line 201.
LaTeX Font Info:    Trying to load font information for OT1+lmr on input line 2
03.
(c:/Users/kpaquette2/AppData/Roaming/TinyTeX/texmf-dist/tex/latex/lm/ot1lmr.fd
File: ot1lmr.fd 2015/05/01 v1.6.1 Font defs for Latin Modern
)
LaTeX Font Info:    Trying to load font information for OML+lmm on input line 2
03.
(c:/Users/kpaquette2/AppData/Roaming/TinyTeX/texmf-dist/tex/latex/lm/omllmm.fd
File: omllmm.fd 2015/05/01 v1.6.1 Font defs for Latin Modern
)
LaTeX Font Info:    Trying to load font information for OMS+lmsy on input line 
203.

(c:/Users/kpaquette2/AppData/Roaming/TinyTeX/texmf-dist/tex/latex/lm/omslmsy.fd
File: omslmsy.fd 2015/05/01 v1.6.1 Font defs for Latin Modern
)
LaTeX Font Info:    Trying to load font information for OMX+lmex on input line 
203.

(c:/Users/kpaquette2/AppData/Roaming/TinyTeX/texmf-dist/tex/latex/lm/omxlmex.fd
File: omxlmex.fd 2015/05/01 v1.6.1 Font defs for Latin Modern
)
LaTeX Font Info:    External font `lmex10' loaded for size
(Font)              <12> on input line 203.
LaTeX Font Info:    External font `lmex10' loaded for size
(Font)              <8> on input line 203.
LaTeX Font Info:    External font `lmex10' loaded for size
(Font)              <6> on input line 203.
LaTeX Font Info:    Trying to load font information for U+msa on input line 203
.

(c:/Users/kpaquette2/AppData/Roaming/TinyTeX/texmf-dist/tex/latex/amsfonts/umsa
.fd
File: umsa.fd 2013/01/14 v3.01 AMS symbols A
)
(c:/Users/kpaquette2/AppData/Roaming/TinyTeX/texmf-dist/tex/latex/microtype/mt-
msa.cfg
File: mt-msa.cfg 2006/02/04 v1.1 microtype config. file: AMS symbols (a) (RS)
)
LaTeX Font Info:    Trying to load font information for U+msb on input line 203
.

(c:/Users/kpaquette2/AppData/Roaming/TinyTeX/texmf-dist/tex/latex/amsfonts/umsb
.fd
File: umsb.fd 2013/01/14 v3.01 AMS symbols B
)
(c:/Users/kpaquette2/AppData/Roaming/TinyTeX/texmf-dist/tex/latex/microtype/mt-
msb.cfg
File: mt-msb.cfg 2005/06/01 v1.0 microtype config. file: AMS symbols (b) (RS)
)
(c:/Users/kpaquette2/AppData/Roaming/TinyTeX/texmf-dist/tex/latex/microtype/mt-
eur.cfg
File: mt-eur.cfg 2006/07/31 v1.1 microtype config. file: AMS Euler Roman (RS)
) [1{c:/Users/kpaquette2/AppData/Roaming/TinyTeX/texmf-var/fonts/map/pdftex/upd
map/pdftex.map}

] [2] [3] [4] [5] [6] [7]
LaTeX Font Info:    Trying to load font information for T1+lmtt on input line 2
48.
(c:/Users/kpaquette2/AppData/Roaming/TinyTeX/texmf-dist/tex/latex/lm/t1lmtt.fd
File: t1lmtt.fd 2015/05/01 v1.6.1 Font defs for Latin Modern
)
LaTeX Font Info:    Trying to load font information for TS1+lmtt on input line 
270.

(c:/Users/kpaquette2/AppData/Roaming/TinyTeX/texmf-dist/tex/latex/lm/ts1lmtt.fd
File: ts1lmtt.fd 2015/05/01 v1.6.1 Font defs for Latin Modern
)
Overfull \hbox (870.22064pt too wide) in paragraph at lines 270--270
[]\T1/lmtt/m/n/12 I think that the distinction between active/passive doesn\TS1
/lmtt/m/n/12 '\T1/lmtt/m/n/12 t belong in the methods section and should come e
arlier. I think we can then just use subheadings of \TS1/lmtt/m/n/12 '\T1/lmtt/
m/n/12 active\TS1/lmtt/m/n/12 ' \T1/lmtt/m/n/12 and \TS1/lmtt/m/n/12 '\T1/lmtt/
m/n/12 passive\TS1/lmtt/m/n/12 ' \T1/lmtt/m/n/12 in the methods > procedure sec
tion.[] 
 []


Overfull \hbox (1932.32117pt too wide) in paragraph at lines 270--270
[]\T1/lmtt/m/n/12 Similarly, the explanation of how acceptability was operation
alized and what the compensation scheme was might be better suited to sections 
other than the measures section (which I see as typically giving very precise o
perationalization information rather than procedural info or study design reaso
ning). I\TS1/lmtt/m/n/12 '\T1/lmtt/m/n/12 d recommend providing a list of the v
ariables rather than a narrative / paragraph.[] 
 []


Overfull \hbox (931.97067pt too wide) in paragraph at lines 270--270
[]\T1/lmtt/m/n/12 Same basic point, but since we refer to variables later ("dis
like", "willingness to use for one year"), I think we should define these varia
bles explicitly in a list in the measures section rather than in a narrative pa
ragraph.[] 
 []


Overfull \hbox (684.97055pt too wide) in paragraph at lines 270--270
[]\T1/lmtt/m/n/12 Some sections are a little wordy -- didn\TS1/lmtt/m/n/12 '\T1
/lmtt/m/n/12 t feel necessary to cut down, but if we are up against space limit
ations, I can suggest some more concise language throughout the methods section
.[] 
 []


Overfull \hbox (1080.17075pt too wide) in paragraph at lines 270--270
[]\T1/lmtt/m/n/12 There is some flip-flopping between passive voice and active 
voice in this section (e.g., between the subsections of the personal sensing he
ader in procedure). I find passive voice more readable, personally, but most of
 the section is in active voice.[] 
 []

[8]
Overfull \hbox (512.07047pt too wide) in paragraph at lines 270--270
[]\T1/lmtt/m/n/12 I think that the personal sensing section in the procedure fi
ts better in the measures section and is consistent with the choice to describe
 the surveys there.[] 
 []


Overfull \hbox (530.59547pt too wide) in paragraph at lines 270--270
[]\T1/lmtt/m/n/12 I think any \TS1/lmtt/m/n/12 '\T1/lmtt/m/n/12 individual diff
erences\TS1/lmtt/m/n/12 ' \T1/lmtt/m/n/12 variables that we report in this stud
y (like in tables) should be listed in the measures section rather than in the 
appendix.[] 
 []


Overfull \hbox (944.32068pt too wide) in paragraph at lines 270--270
[]\T1/lmtt/m/n/12 There is some redundant information in the analysis strategy 
section (e.g., the first sentence of the self-reported acceptability subsection
). Also, this section seems to introduce new information about the timing of me
asurement.[] 
 []


Overfull \hbox (666.44554pt too wide) in paragraph at lines 270--270
[]\T1/lmtt/m/n/12 I disagree that one-sample ttests can tell us about polarizat
ion. When I read \TS1/lmtt/m/n/12 '\T1/lmtt/m/n/12 to detect polarized percepti
ons\TS1/lmtt/m/n/12 ' \T1/lmtt/m/n/12 I\TS1/lmtt/m/n/12 '\T1/lmtt/m/n/12 m expe
cting something that can test whether a distribution is bimodal.[] 
 []


Overfull \hbox (536.77048pt too wide) in paragraph at lines 270--270
[]\T1/lmtt/m/n/12 I think it\TS1/lmtt/m/n/12 '\T1/lmtt/m/n/12 s worth leveragin
g the error-prevention benefits of Rmd and swapping out the typed numbers in te
xt for printed stored variables or in-line computations.[] 
 []

[9]
\openout5 = `burden_paper.ent'.

[10] [11] [12] [13] [14] [15] [16] [17] [18] [19] [20] [21] [22] [23] [24] [25]
[26] [27] [28] [29] [30] [31] [32] [33]
Overfull \hbox (2500.42145pt too wide) in paragraph at lines 763--763
[]\T1/lmtt/m/n/12 @bessenyeiComfortabilityPassiveCollection2021 - "Those who re
ceived mental health treatment liked the health and the communication features 
more than those who didn\TS1/lmtt/m/n/12 '\T1/lmtt/m/n/12 t. They were also mor
e willing to share their data with their doctor than those who didn\TS1/lmtt/m/
n/12 '\T1/lmtt/m/n/12 t receive treatment. Finally, they indicated higher inten
tions to accept app permissions and to use mobile apps for health, perceived mo
re benefit and control and had more privacy related experience than the non-tre
ated group."[] 
 []

[34]
Overfull \hbox (1358.02487pt too wide) in paragraph at lines 794--794
[]\T1/lmtt/m/n/12 Situation matters - Ben-Zeev et al., 2016 found that 1/3rd of
 inpatient participants were concerned about privacy but no outpatients were.; 
additionally all 9 outpatients approached consented to be in study but 9 out of
 20 approached inpatients declined due to concerns about tracking technology.[]
 
 []

[35] [36]
Overfull \hbox (1172.78879pt too wide) in paragraph at lines 848--848
[]\T1/lmtt/m/n/12 We might also want to mention difficulty getting access to da
ta (restricted to Androids - Bai et al., 2021; Lind et al., 2018; app not runni
ng in background 24x7 -  Bai et al., 2021; GPS tracking not always working accu
rately and consistently - Palmius et al., 2016)[] 
 []

[37]
Overfull \hbox (2660.97153pt too wide) in paragraph at lines 848--848
[] \T1/lmtt/m/n/12 Mendes et al., 2021 review - "A related issue is the predomi
nance of solutions developed for Android OS, for which all apps have a version.
 This is expected as Android provides an open development platform, different f
rom iOS, with significantly more flexibility to gather the data of interest. Th
e divergent approaches to sensing on iOS and Android yield further issues in te
rms of standardization and the collection of comparable results across large co
horts, invariably with both Android and iOS users."[] 
 []


Overfull \hbox (5087.71971pt too wide) in paragraph at lines 848--848
[]\T1/lmtt/m/n/12 Trifan et al., 2019 review - "In the spectrum of smartphone t
echnologies, 1 of the main challenges that can affect the health-related collec
tion of data when developing monitoring systems is the choice of the operating 
system. In fact, there are some differences and difficulties in development for
 Android or IOS systems, the 2 most used phone operating systems worldwide. And
roid is currently the most popular system and has the advantage of being conven
ient from the programming point of view. Scanning rates of sensors are found to
 be superior with this operating system. Furthermore, IOS hampers third-party a
pps to run endlessly in background, which may make the data collection difficul
t. Of the selected papers, 56.7% (67/118) developed their system only for Andro
id smartphones, 6 developed for both Android and IOS, and 45 did not provide an
y information about the chosen operating system."[] 
 []

[38] [39]
Overfull \hbox (5532.30592pt too wide) in paragraph at lines 906--906
[]\T1/lmtt/m/n/12 Cut from intro. The ability to predict the presence or absenc
e of these constructs prospectively can also open the door for more efficient m
onitoring. Current treatment approaches lack the necessary resources required f
or long-term monitoring of symptom onset and overall mental health stability. Y
et detecting a symptom lapse early on could have benefits for both an patient\T
S1/lmtt/m/n/12 '\T1/lmtt/m/n/12 s prognosis [@mcglashanEarlyDetectionInterventi
on1996; @scottCanWePredict1992] and overall cost [@kesslerGlobalBurdenMental200
9; @wangTelephoneScreeningOutreach2007]. Additionally, mental health disorders 
are not static states [@nelsonMovingStaticDynamic2017]. Someone might be stable
 for months or years before re-experiencing symptoms [@hayesChangeNotAlways2007
; @witkiewitzModelingComplexityPosttreatment2007]. Integrating personal sensing
 methods into clinical settings may be one way to improve the reach of treatmen
t resources and may allow for intervention prior to a full symptom relapse.[] 
 []


Overfull \hbox (5433.50587pt too wide) in paragraph at lines 913--913
[]\T1/lmtt/m/n/12 The ability to predict the presence or absence of these const
ructs prospectively can also open the door for more efficient monitoring. Curre
nt treatment approaches lack the necessary resources required for long-term mon
itoring of symptom onset and overall mental health stability. Yet detecting a s
ymptom lapse early on could have benefits for both an patient\TS1/lmtt/m/n/12 '
\T1/lmtt/m/n/12 s prognosis [@mcglashanEarlyDetectionIntervention1996; @scottCa
nWePredict1992] and overall cost [@kesslerGlobalBurdenMental2009; @wangTelephon
eScreeningOutreach2007]. Additionally, mental health disorders are not static s
tates [@nelsonMovingStaticDynamic2017]. Someone might be stable for months or y
ears before re-experiencing symptoms [@hayesChangeNotAlways2007; @witkiewitzMod
elingComplexityPosttreatment2007]. Integrating personal sensing methods into cl
inical settings may be one way to improve the reach of treatment resources and 
may allow for intervention prior to a full symptom relapse.[] 
 []

[40]
Overfull \hbox (5248.2978pt too wide) in paragraph at lines 923--923
[]\T1/lmtt/m/n/12 Two key aspects of personal sensing methods that may affect t
heir acceptability are the sensitivity of the data being collected [@pasipanody
aPerceivedRisksAmelioration2020; @rendinaPrivacyTrustData2018], and the active 
effort required by the individual [@atienzaConsumerAttitudesPerceptions2015; @e
iseleEffectsSamplingFrequency2020]. Importantly, these two dimensions explicitl
y differ from one personal sensing measure to the next. For example, text messa
ge content monitoring is completely passive, requiring no active effort from th
e participant, but the data are highly sensitive. On the other hand, an EMA met
hod may ask generic questions that are not perceived to be sensitive, but the h
igh level of effort required (e.g., lengthy questionnaire, high prompt frequenc
y) may be too burdensome. As a result, acceptability of personal sensing method
s may be best assessed at the individual level of the measure being sensed.[] 
 []


Overfull \hbox (5032.1657pt too wide) in paragraph at lines 923--923
[]\T1/lmtt/m/n/12 Sensitivity of information may be an especially salient conce
rn when working with clinical populations. Public opinion often holds a stigmat
izing view of mental health disorders [@schomerusStigmaAlcoholDependence2011; @
barryStigmaDiscriminationTreatment2014; @overtonStigmaMentalIllness2008; @parce
sepePublicStigmaMental2013]. As a result, people may fear that their employer o
r peers will become aware of their diagnosis. These fears can become further co
mpounded when illicit factors like drug use are involved. A negative opinion by
 neighbors or consequences at work are often cited reasons for not seeking trea
tment for substance use [@centerforbehavioralhealthstatisticsandquality2019Nati
onalSurvey; @stringerStigmaBarrierSubstance2018]. Thus, the type and sensitivit
y of data that a personal sensing method collects may be an important contribut
or to the acceptability of that measure.[] 
 []


Overfull \hbox (8977.99965pt too wide) in paragraph at lines 923--923
[]\T1/lmtt/m/n/12 This component of sensitivity, however, can be difficult to q
uantify. It is possible to vary within group and within measure. For example, i
t is expected that some people will be more private than others. Some people ma
y not feel comfortable sharing any information or they may only feel comfortabl
e sharing information under certain contexts. Additionally, a single personal s
ensing measure could be viewed as having different degrees of sensitivity depen
ding on the specific information it is collecting. An EMA that asks participant
s about their mood compared to drug-related behaviors is likely going to be see
n as less sensitive. A study using focus-groups to assess reactions to a hypoth
etical personal-sensing smartphone application in a sample of men who use metha
mphetamine and are living with HIV found that participants expressed privacy co
ncerns with both location and self-reported drug use information citing fears o
f legal consequences and unintentional disclosure of their drug use or HIV stat
us to family and friends. [@pasipanodyaPerceivedRisksAmelioration2020]. Thus, t
he threshold of what level of sensitivity is acceptable is not easy to operatio
nalize. Instead, these individual and group differences may be reflected as a s
trong dislike for a particular measure or perhaps a willingness to use the meas
ure for several weeks as a paid research participant but an unwillingness to co
ntinue using the measure in other settings (e.g., as a recovery plan with a cli
nician) or for longer durations (e.g., 1 year).[] 
 []


Overfull \hbox (2586.87149pt too wide) in paragraph at lines 923--923
[]\T1/lmtt/m/n/12 As mentioned, personal sensing methods also differ in the lev
el of active effort needed from the participant for data collection. Daily or m
ore frequent self-report surveys (e.g., EMA) delivered to the participant\TS1/l
mtt/m/n/12 '\T1/lmtt/m/n/12 s smartphone are active in nature, requiring substa
ntial involvement. In contrast, background monitoring of cellular communication
s, location, or other sensor or log data are passive signals that are collected
 automatically with minimal to no engagement needed from the individual.[] 
 []


Overfull \hbox (2907.96465pt too wide) in paragraph at lines 927--927
[]\T1/lmtt/m/n/12 However, missing data from non-compliance is not the only way
 bias can be introduced into the data. Data provided irrespective of burden cou
ld result in hurried or careless response patterns likely due to study fatigue 
[@eiseleEffectsSamplingFrequency2020; @meadeIdentifyingCarelessResponses2012]. 
For example, when reimbursement is structured around compliance rates, particip
ants may answer questions from memory or strategically answer items to avoid fo
llow-up questions and shorten the length of the survey [@freedmanCellPhonesEcol
ogical2006].[] 
 []

[41] [42] [43] [44] [45] [46] [47] [48]
Underfull \hbox (badness 1264) in paragraph at lines 1106--1106
\T1/lmr/m/n/12 (+20) spectrum dis-or-ders. Com-pre-hen-sive Psy-chi-a-try 2017 
Apr;74:204--213. [doi:
 []

[49] [50] [51]
Underfull \hbox (badness 10000) in paragraph at lines 1158--1158
[]\T1/lmr/m/n/12 (+20) Simmons JP, Nel-son LD, Si-mon-sohn U. A 21 Word So-lu-t
ion.
 []

[52] [53] [54] [55]
<C:/Users/kpaquette2/analysis_risk1/burden/manuscript/figs/fig_disposition.jpg,
 id=490, 965.6075pt x 580.1675pt>
File: C:/Users/kpaquette2/analysis_risk1/burden/manuscript/figs/fig_disposition
.jpg Graphic file (type jpg)
<use C:/Users/kpaquette2/analysis_risk1/burden/manuscript/figs/fig_disposition.
jpg>
Package pdftex.def Info: C:/Users/kpaquette2/analysis_risk1/burden/manuscript/f
igs/fig_disposition.jpg  used on input line 1233.
(pdftex.def)             Requested size: 463.2506pt x 278.33559pt.
[56 <c:/Users/kpaquette2/analysis_risk1/burden/manuscript/figs/fig_disposition.
jpg>]
<P:/studydata/risk/manuscripts/burden/burden_paper_files/figure-latex/figure-2-
1.pdf, id=496, 469.755pt x 252.945pt>
File: P:/studydata/risk/manuscripts/burden/burden_paper_files/figure-latex/figu
re-2-1.pdf Graphic file (type pdf)
<use P:/studydata/risk/manuscripts/burden/burden_paper_files/figure-latex/figur
e-2-1.pdf>
Package pdftex.def Info: P:/studydata/risk/manuscripts/burden/burden_paper_file
s/figure-latex/figure-2-1.pdf  used on input line 1239.
(pdftex.def)             Requested size: 469.75386pt x 252.94438pt.
[57 <p:/studydata/risk/manuscripts/burden/burden_paper_files/figure-latex/figur
e-2-1.pdf>]
<P:/studydata/risk/manuscripts/burden/burden_paper_files/figure-latex/figure-3-
1.pdf, id=507, 469.755pt x 252.945pt>
File: P:/studydata/risk/manuscripts/burden/burden_paper_files/figure-latex/figu
re-3-1.pdf Graphic file (type pdf)
<use P:/studydata/risk/manuscripts/burden/burden_paper_files/figure-latex/figur
e-3-1.pdf>
Package pdftex.def Info: P:/studydata/risk/manuscripts/burden/burden_paper_file
s/figure-latex/figure-3-1.pdf  used on input line 1245.
(pdftex.def)             Requested size: 469.75386pt x 252.94438pt.
[58 <p:/studydata/risk/manuscripts/burden/burden_paper_files/figure-latex/figur
e-3-1.pdf>]
<P:/studydata/risk/manuscripts/burden/burden_paper_files/figure-latex/figure-4-
1.pdf, id=518, 469.755pt x 252.945pt>
File: P:/studydata/risk/manuscripts/burden/burden_paper_files/figure-latex/figu
re-4-1.pdf Graphic file (type pdf)
<use P:/studydata/risk/manuscripts/burden/burden_paper_files/figure-latex/figur
e-4-1.pdf>
Package pdftex.def Info: P:/studydata/risk/manuscripts/burden/burden_paper_file
s/figure-latex/figure-4-1.pdf  used on input line 1251.
(pdftex.def)             Requested size: 469.75386pt x 252.94438pt.
[59 <p:/studydata/risk/manuscripts/burden/burden_paper_files/figure-latex/figur
e-4-1.pdf>]
<P:/studydata/risk/manuscripts/burden/burden_paper_files/figure-latex/figure-5-
1.pdf, id=529, 469.755pt x 252.945pt>
File: P:/studydata/risk/manuscripts/burden/burden_paper_files/figure-latex/figu
re-5-1.pdf Graphic file (type pdf)
<use P:/studydata/risk/manuscripts/burden/burden_paper_files/figure-latex/figur
e-5-1.pdf>
Package pdftex.def Info: P:/studydata/risk/manuscripts/burden/burden_paper_file
s/figure-latex/figure-5-1.pdf  used on input line 1257.
(pdftex.def)             Requested size: 469.75386pt x 252.94438pt.
[60 <p:/studydata/risk/manuscripts/burden/burden_paper_files/figure-latex/figur
e-5-1.pdf>]
<P:/studydata/risk/manuscripts/burden/burden_paper_files/figure-latex/figure-6-
1.pdf, id=540, 469.755pt x 433.62pt>
File: P:/studydata/risk/manuscripts/burden/burden_paper_files/figure-latex/figu
re-6-1.pdf Graphic file (type pdf)
<use P:/studydata/risk/manuscripts/burden/burden_paper_files/figure-latex/figur
e-6-1.pdf>
Package pdftex.def Info: P:/studydata/risk/manuscripts/burden/burden_paper_file
s/figure-latex/figure-6-1.pdf  used on input line 1263.
(pdftex.def)             Requested size: 469.75386pt x 433.61894pt.
[61 <p:/studydata/risk/manuscripts/burden/burden_paper_files/figure-latex/figur
e-6-1.pdf>]
<P:/studydata/risk/manuscripts/burden/burden_paper_files/figure-latex/figure-7-
1.pdf, id=552, 361.35pt x 325.215pt>
File: P:/studydata/risk/manuscripts/burden/burden_paper_files/figure-latex/figu
re-7-1.pdf Graphic file (type pdf)
<use P:/studydata/risk/manuscripts/burden/burden_paper_files/figure-latex/figur
e-7-1.pdf>
Package pdftex.def Info: P:/studydata/risk/manuscripts/burden/burden_paper_file
s/figure-latex/figure-7-1.pdf  used on input line 1269.
(pdftex.def)             Requested size: 361.34912pt x 325.2142pt.
[62 <p:/studydata/risk/manuscripts/burden/burden_paper_files/figure-latex/figur
e-7-1.pdf>]
<P:/studydata/risk/manuscripts/burden/burden_paper_files/figure-latex/figure-8-
1.pdf, id=563, 469.755pt x 433.62pt>
File: P:/studydata/risk/manuscripts/burden/burden_paper_files/figure-latex/figu
re-8-1.pdf Graphic file (type pdf)
<use P:/studydata/risk/manuscripts/burden/burden_paper_files/figure-latex/figur
e-8-1.pdf>
Package pdftex.def Info: P:/studydata/risk/manuscripts/burden/burden_paper_file
s/figure-latex/figure-8-1.pdf  used on input line 1275.
(pdftex.def)             Requested size: 469.75386pt x 433.61894pt.
[63 <p:/studydata/risk/manuscripts/burden/burden_paper_files/figure-latex/figur
e-8-1.pdf>]
<P:/studydata/risk/manuscripts/burden/burden_paper_files/figure-latex/figure-9-
1.pdf, id=574, 361.35pt x 325.215pt>
File: P:/studydata/risk/manuscripts/burden/burden_paper_files/figure-latex/figu
re-9-1.pdf Graphic file (type pdf)
<use P:/studydata/risk/manuscripts/burden/burden_paper_files/figure-latex/figur
e-9-1.pdf>
Package pdftex.def Info: P:/studydata/risk/manuscripts/burden/burden_paper_file
s/figure-latex/figure-9-1.pdf  used on input line 1281.
(pdftex.def)             Requested size: 361.34912pt x 325.2142pt.
[64 <p:/studydata/risk/manuscripts/burden/burden_paper_files/figure-latex/figur
e-9-1.pdf>] (./burden_paper.ent
LaTeX Font Info:    External font `lmex10' loaded for size
(Font)              <10> on input line 2.
LaTeX Font Info:    External font `lmex10' loaded for size
(Font)              <7> on input line 2.
LaTeX Font Info:    External font `lmex10' loaded for size
(Font)              <5> on input line 2.
) [65

] AED endfloat: Processing end Figures and Tables (./burden_paper.aux) ) 
Here is how much of TeX's memory you used:
 18723 strings out of 478353
 317715 string characters out of 5838072
 668672 words of memory out of 5000000
 36066 multiletter control sequences out of 15000+600000
 478264 words of font info for 170 fonts, out of 8000000 for 9000
 1141 hyphenation exceptions out of 8191
 74i,13n,77p,2288b,569s stack positions out of 5000i,500n,10000p,200000b,80000s
{c:/Use
rs/kpaquette2/AppData/Roaming/TinyTeX/texmf-dist/fonts/enc/dvips/lm/lm-ec.enc}{
c:/Users/kpaquette2/AppData/Roaming/TinyTeX/texmf-dist/fonts/enc/dvips/lm/lm-rm
.enc}{c:/Users/kpaquette2/AppData/Roaming/TinyTeX/texmf-dist/fonts/enc/dvips/lm
/lm-mathit.enc}{c:/Users/kpaquette2/AppData/Roaming/TinyTeX/texmf-dist/fonts/en
c/dvips/lm/lm-ts1.enc}<c:/Users/kpaquette2/AppData/Roaming/TinyTeX/texmf-dist/f
onts/type1/public/lm/lmbx12.pfb><c:/Users/kpaquette2/AppData/Roaming/TinyTeX/te
xmf-dist/fonts/type1/public/lm/lmmi12.pfb><c:/Users/kpaquette2/AppData/Roaming/
TinyTeX/texmf-dist/fonts/type1/public/lm/lmmi8.pfb><c:/Users/kpaquette2/AppData
/Roaming/TinyTeX/texmf-dist/fonts/type1/public/lm/lmr10.pfb><c:/Users/kpaquette
2/AppData/Roaming/TinyTeX/texmf-dist/fonts/type1/public/lm/lmr12.pfb><c:/Users/
kpaquette2/AppData/Roaming/TinyTeX/texmf-dist/fonts/type1/public/lm/lmr7.pfb><c
:/Users/kpaquette2/AppData/Roaming/TinyTeX/texmf-dist/fonts/type1/public/lm/lmr
8.pfb><c:/Users/kpaquette2/AppData/Roaming/TinyTeX/texmf-dist/fonts/type1/publi
c/lm/lmri12.pfb><c:/Users/kpaquette2/AppData/Roaming/TinyTeX/texmf-dist/fonts/t
ype1/public/lm/lmtt12.pfb>
Output written on burden_paper.pdf (65 pages, 429949 bytes).
PDF statistics:
 839 PDF objects out of 1000 (max. 8388607)
 727 compressed objects within 8 object streams
 261 named destinations out of 1000 (max. 500000)
 37278 words of extra memory for PDF output out of 42996 (max. 10000000)

